2012/04/19 08:46:33 [error] [exception.CHttpException.404] exception 'CHttpException' with message 'The requested view "index" was not found.' in D:\Program Files\wamp\www\yii\framework\web\actions\CViewAction.php:113
Stack trace:
#0 D:\Program Files\wamp\www\yii\framework\web\actions\CViewAction.php(124): CViewAction->resolveView('index')
#1 D:\Program Files\wamp\www\yii\framework\web\actions\CAction.php(75): CViewAction->run()
#2 D:\Program Files\wamp\www\yii\framework\web\CController.php(309): CAction->runWithParams(Array)
#3 D:\Program Files\wamp\www\yii\framework\web\CController.php(287): CController->runAction(Object(CViewAction))
#4 D:\Program Files\wamp\www\yii\framework\web\CController.php(266): CController->runActionWithFilters(Object(CViewAction), Array)
#5 D:\Program Files\wamp\www\yii\framework\web\CWebApplication.php(276): CController->run('page')
#6 D:\Program Files\wamp\www\yii\framework\web\CWebApplication.php(135): CWebApplication->runController('site/page')
#7 D:\Program Files\wamp\www\yii\framework\base\CApplication.php(162): CWebApplication->processRequest()
#8 D:\Program Files\wamp\www\library\index.php(13): CApplication->run()
#9 {main}
REQUEST_URI=/library/site/page/
---
2012/04/19 08:46:39 [error] [exception.CHttpException.404] exception 'CHttpException' with message 'The requested view "index" was not found.' in D:\Program Files\wamp\www\yii\framework\web\actions\CViewAction.php:113
Stack trace:
#0 D:\Program Files\wamp\www\yii\framework\web\actions\CViewAction.php(124): CViewAction->resolveView('index')
#1 D:\Program Files\wamp\www\yii\framework\web\actions\CAction.php(75): CViewAction->run()
#2 D:\Program Files\wamp\www\yii\framework\web\CController.php(309): CAction->runWithParams(Array)
#3 D:\Program Files\wamp\www\yii\framework\web\CController.php(287): CController->runAction(Object(CViewAction))
#4 D:\Program Files\wamp\www\yii\framework\web\CController.php(266): CController->runActionWithFilters(Object(CViewAction), Array)
#5 D:\Program Files\wamp\www\yii\framework\web\CWebApplication.php(276): CController->run('page')
#6 D:\Program Files\wamp\www\yii\framework\web\CWebApplication.php(135): CWebApplication->runController('site/page/about')
#7 D:\Program Files\wamp\www\yii\framework\base\CApplication.php(162): CWebApplication->processRequest()
#8 D:\Program Files\wamp\www\library\index.php(13): CApplication->run()
#9 {main}
REQUEST_URI=/library/site/page/about/
---
2012/04/19 08:54:00 [error] [exception.CHttpException.400] exception 'CHttpException' with message 'Your request is invalid.' in D:\Program Files\wamp\www\yii\framework\web\CController.php:337
Stack trace:
#0 D:\Program Files\wamp\www\yii\framework\web\CController.php(310): CController->invalidActionParams(Object(CInlineAction))
#1 D:\Program Files\wamp\www\yii\framework\web\CController.php(287): CController->runAction(Object(CInlineAction))
#2 D:\Program Files\wamp\www\yii\framework\web\CController.php(266): CController->runActionWithFilters(Object(CInlineAction), Array)
#3 D:\Program Files\wamp\www\yii\framework\web\CWebApplication.php(276): CController->run('page')
#4 D:\Program Files\wamp\www\yii\framework\web\CWebApplication.php(135): CWebApplication->runController('site/page/about')
#5 D:\Program Files\wamp\www\yii\framework\base\CApplication.php(162): CWebApplication->processRequest()
#6 D:\Program Files\wamp\www\library\index.php(13): CApplication->run()
#7 {main}
REQUEST_URI=/library/site/page/about/
---
2012/04/19 08:54:02 [error] [exception.CHttpException.400] exception 'CHttpException' with message 'Your request is invalid.' in D:\Program Files\wamp\www\yii\framework\web\CController.php:337
Stack trace:
#0 D:\Program Files\wamp\www\yii\framework\web\CController.php(310): CController->invalidActionParams(Object(CInlineAction))
#1 D:\Program Files\wamp\www\yii\framework\web\CController.php(287): CController->runAction(Object(CInlineAction))
#2 D:\Program Files\wamp\www\yii\framework\web\CController.php(266): CController->runActionWithFilters(Object(CInlineAction), Array)
#3 D:\Program Files\wamp\www\yii\framework\web\CWebApplication.php(276): CController->run('page')
#4 D:\Program Files\wamp\www\yii\framework\web\CWebApplication.php(135): CWebApplication->runController('site/page/about')
#5 D:\Program Files\wamp\www\yii\framework\base\CApplication.php(162): CWebApplication->processRequest()
#6 D:\Program Files\wamp\www\library\index.php(13): CApplication->run()
#7 {main}
REQUEST_URI=/library/site/page/about/
---
2012/04/19 08:54:03 [error] [exception.CHttpException.400] exception 'CHttpException' with message 'Your request is invalid.' in D:\Program Files\wamp\www\yii\framework\web\CController.php:337
Stack trace:
#0 D:\Program Files\wamp\www\yii\framework\web\CController.php(310): CController->invalidActionParams(Object(CInlineAction))
#1 D:\Program Files\wamp\www\yii\framework\web\CController.php(287): CController->runAction(Object(CInlineAction))
#2 D:\Program Files\wamp\www\yii\framework\web\CController.php(266): CController->runActionWithFilters(Object(CInlineAction), Array)
#3 D:\Program Files\wamp\www\yii\framework\web\CWebApplication.php(276): CController->run('page')
#4 D:\Program Files\wamp\www\yii\framework\web\CWebApplication.php(135): CWebApplication->runController('site/page/about')
#5 D:\Program Files\wamp\www\yii\framework\base\CApplication.php(162): CWebApplication->processRequest()
#6 D:\Program Files\wamp\www\library\index.php(13): CApplication->run()
#7 {main}
REQUEST_URI=/library/site/page/about/
---
2012/04/19 08:54:50 [error] [exception.CException] exception 'CException' with message 'SiteController cannot find the requested view "about".' in D:\Program Files\wamp\www\yii\framework\web\CController.php:879
Stack trace:
#0 D:\Program Files\wamp\www\yii\framework\web\CController.php(783): CController->renderPartial('about', NULL, true)
#1 D:\Program Files\wamp\www\library\protected\controllers\SiteController.php(106): CController->render('about')
#2 [internal function]: SiteController->actionPage('about')
#3 D:\Program Files\wamp\www\yii\framework\web\actions\CAction.php(107): ReflectionMethod->invokeArgs(Object(SiteController), Array)
#4 D:\Program Files\wamp\www\yii\framework\web\actions\CInlineAction.php(48): CAction->runWithParamsInternal(Object(SiteController), Object(ReflectionMethod), Array)
#5 D:\Program Files\wamp\www\yii\framework\web\CController.php(309): CInlineAction->runWithParams(Array)
#6 D:\Program Files\wamp\www\yii\framework\web\CController.php(287): CController->runAction(Object(CInlineAction))
#7 D:\Program Files\wamp\www\yii\framework\web\CController.php(266): CController->runActionWithFilters(Object(CInlineAction), Array)
#8 D:\Program Files\wamp\www\yii\framework\web\CWebApplication.php(276): CController->run('page')
#9 D:\Program Files\wamp\www\yii\framework\web\CWebApplication.php(135): CWebApplication->runController('site/page/about')
#10 D:\Program Files\wamp\www\yii\framework\base\CApplication.php(162): CWebApplication->processRequest()
#11 D:\Program Files\wamp\www\library\index.php(13): CApplication->run()
#12 {main}
REQUEST_URI=/library/site/page/about/
---
2012/04/19 08:55:23 [error] [exception.CException] exception 'CException' with message 'SiteController cannot find the requested view "about".' in D:\Program Files\wamp\www\yii\framework\web\CController.php:879
Stack trace:
#0 D:\Program Files\wamp\www\yii\framework\web\CController.php(783): CController->renderPartial('about', NULL, true)
#1 D:\Program Files\wamp\www\library\protected\controllers\SiteController.php(106): CController->render('about')
#2 [internal function]: SiteController->actionPages('about')
#3 D:\Program Files\wamp\www\yii\framework\web\actions\CAction.php(107): ReflectionMethod->invokeArgs(Object(SiteController), Array)
#4 D:\Program Files\wamp\www\yii\framework\web\actions\CInlineAction.php(48): CAction->runWithParamsInternal(Object(SiteController), Object(ReflectionMethod), Array)
#5 D:\Program Files\wamp\www\yii\framework\web\CController.php(309): CInlineAction->runWithParams(Array)
#6 D:\Program Files\wamp\www\yii\framework\web\CController.php(287): CController->runAction(Object(CInlineAction))
#7 D:\Program Files\wamp\www\yii\framework\web\CController.php(266): CController->runActionWithFilters(Object(CInlineAction), Array)
#8 D:\Program Files\wamp\www\yii\framework\web\CWebApplication.php(276): CController->run('pages')
#9 D:\Program Files\wamp\www\yii\framework\web\CWebApplication.php(135): CWebApplication->runController('site/pages')
#10 D:\Program Files\wamp\www\yii\framework\base\CApplication.php(162): CWebApplication->processRequest()
#11 D:\Program Files\wamp\www\library\index.php(13): CApplication->run()
#12 {main}
REQUEST_URI=/library/site/pages/
---
2012/04/19 08:56:50 [error] [exception.CException] exception 'CException' with message 'SiteController cannot find the requested view "about".' in D:\Program Files\wamp\www\yii\framework\web\CController.php:879
Stack trace:
#0 D:\Program Files\wamp\www\yii\framework\web\CController.php(783): CController->renderPartial('about', NULL, true)
#1 D:\Program Files\wamp\www\library\protected\controllers\SiteController.php(106): CController->render('about')
#2 [internal function]: SiteController->actionPages('about')
#3 D:\Program Files\wamp\www\yii\framework\web\actions\CAction.php(107): ReflectionMethod->invokeArgs(Object(SiteController), Array)
#4 D:\Program Files\wamp\www\yii\framework\web\actions\CInlineAction.php(48): CAction->runWithParamsInternal(Object(SiteController), Object(ReflectionMethod), Array)
#5 D:\Program Files\wamp\www\yii\framework\web\CController.php(309): CInlineAction->runWithParams(Array)
#6 D:\Program Files\wamp\www\yii\framework\web\CController.php(287): CController->runAction(Object(CInlineAction))
#7 D:\Program Files\wamp\www\yii\framework\web\CController.php(266): CController->runActionWithFilters(Object(CInlineAction), Array)
#8 D:\Program Files\wamp\www\yii\framework\web\CWebApplication.php(276): CController->run('pages')
#9 D:\Program Files\wamp\www\yii\framework\web\CWebApplication.php(135): CWebApplication->runController('site/pages')
#10 D:\Program Files\wamp\www\yii\framework\base\CApplication.php(162): CWebApplication->processRequest()
#11 D:\Program Files\wamp\www\library\index.php(13): CApplication->run()
#12 {main}
REQUEST_URI=/library/site/pages/
---
2012/04/19 08:56:52 [error] [exception.CException] exception 'CException' with message 'SiteController cannot find the requested view "about".' in D:\Program Files\wamp\www\yii\framework\web\CController.php:879
Stack trace:
#0 D:\Program Files\wamp\www\yii\framework\web\CController.php(783): CController->renderPartial('about', NULL, true)
#1 D:\Program Files\wamp\www\library\protected\controllers\SiteController.php(106): CController->render('about')
#2 [internal function]: SiteController->actionPages('about')
#3 D:\Program Files\wamp\www\yii\framework\web\actions\CAction.php(107): ReflectionMethod->invokeArgs(Object(SiteController), Array)
#4 D:\Program Files\wamp\www\yii\framework\web\actions\CInlineAction.php(48): CAction->runWithParamsInternal(Object(SiteController), Object(ReflectionMethod), Array)
#5 D:\Program Files\wamp\www\yii\framework\web\CController.php(309): CInlineAction->runWithParams(Array)
#6 D:\Program Files\wamp\www\yii\framework\web\CController.php(287): CController->runAction(Object(CInlineAction))
#7 D:\Program Files\wamp\www\yii\framework\web\CController.php(266): CController->runActionWithFilters(Object(CInlineAction), Array)
#8 D:\Program Files\wamp\www\yii\framework\web\CWebApplication.php(276): CController->run('pages')
#9 D:\Program Files\wamp\www\yii\framework\web\CWebApplication.php(135): CWebApplication->runController('site/pages')
#10 D:\Program Files\wamp\www\yii\framework\base\CApplication.php(162): CWebApplication->processRequest()
#11 D:\Program Files\wamp\www\library\index.php(13): CApplication->run()
#12 {main}
REQUEST_URI=/library/site/pages/
---
2012/04/19 08:56:53 [error] [exception.CException] exception 'CException' with message 'SiteController cannot find the requested view "about".' in D:\Program Files\wamp\www\yii\framework\web\CController.php:879
Stack trace:
#0 D:\Program Files\wamp\www\yii\framework\web\CController.php(783): CController->renderPartial('about', NULL, true)
#1 D:\Program Files\wamp\www\library\protected\controllers\SiteController.php(106): CController->render('about')
#2 [internal function]: SiteController->actionPages('about')
#3 D:\Program Files\wamp\www\yii\framework\web\actions\CAction.php(107): ReflectionMethod->invokeArgs(Object(SiteController), Array)
#4 D:\Program Files\wamp\www\yii\framework\web\actions\CInlineAction.php(48): CAction->runWithParamsInternal(Object(SiteController), Object(ReflectionMethod), Array)
#5 D:\Program Files\wamp\www\yii\framework\web\CController.php(309): CInlineAction->runWithParams(Array)
#6 D:\Program Files\wamp\www\yii\framework\web\CController.php(287): CController->runAction(Object(CInlineAction))
#7 D:\Program Files\wamp\www\yii\framework\web\CController.php(266): CController->runActionWithFilters(Object(CInlineAction), Array)
#8 D:\Program Files\wamp\www\yii\framework\web\CWebApplication.php(276): CController->run('pages')
#9 D:\Program Files\wamp\www\yii\framework\web\CWebApplication.php(135): CWebApplication->runController('site/pages')
#10 D:\Program Files\wamp\www\yii\framework\base\CApplication.php(162): CWebApplication->processRequest()
#11 D:\Program Files\wamp\www\library\index.php(13): CApplication->run()
#12 {main}
REQUEST_URI=/library/site/pages/
---
2012/04/19 08:56:53 [error] [exception.CException] exception 'CException' with message 'SiteController cannot find the requested view "about".' in D:\Program Files\wamp\www\yii\framework\web\CController.php:879
Stack trace:
#0 D:\Program Files\wamp\www\yii\framework\web\CController.php(783): CController->renderPartial('about', NULL, true)
#1 D:\Program Files\wamp\www\library\protected\controllers\SiteController.php(106): CController->render('about')
#2 [internal function]: SiteController->actionPages('about')
#3 D:\Program Files\wamp\www\yii\framework\web\actions\CAction.php(107): ReflectionMethod->invokeArgs(Object(SiteController), Array)
#4 D:\Program Files\wamp\www\yii\framework\web\actions\CInlineAction.php(48): CAction->runWithParamsInternal(Object(SiteController), Object(ReflectionMethod), Array)
#5 D:\Program Files\wamp\www\yii\framework\web\CController.php(309): CInlineAction->runWithParams(Array)
#6 D:\Program Files\wamp\www\yii\framework\web\CController.php(287): CController->runAction(Object(CInlineAction))
#7 D:\Program Files\wamp\www\yii\framework\web\CController.php(266): CController->runActionWithFilters(Object(CInlineAction), Array)
#8 D:\Program Files\wamp\www\yii\framework\web\CWebApplication.php(276): CController->run('pages')
#9 D:\Program Files\wamp\www\yii\framework\web\CWebApplication.php(135): CWebApplication->runController('site/pages')
#10 D:\Program Files\wamp\www\yii\framework\base\CApplication.php(162): CWebApplication->processRequest()
#11 D:\Program Files\wamp\www\library\index.php(13): CApplication->run()
#12 {main}
REQUEST_URI=/library/site/pages/
---
2012/04/19 08:56:55 [error] [exception.CException] exception 'CException' with message 'SiteController cannot find the requested view "about".' in D:\Program Files\wamp\www\yii\framework\web\CController.php:879
Stack trace:
#0 D:\Program Files\wamp\www\yii\framework\web\CController.php(783): CController->renderPartial('about', NULL, true)
#1 D:\Program Files\wamp\www\library\protected\controllers\SiteController.php(106): CController->render('about')
#2 [internal function]: SiteController->actionPages('about')
#3 D:\Program Files\wamp\www\yii\framework\web\actions\CAction.php(107): ReflectionMethod->invokeArgs(Object(SiteController), Array)
#4 D:\Program Files\wamp\www\yii\framework\web\actions\CInlineAction.php(48): CAction->runWithParamsInternal(Object(SiteController), Object(ReflectionMethod), Array)
#5 D:\Program Files\wamp\www\yii\framework\web\CController.php(309): CInlineAction->runWithParams(Array)
#6 D:\Program Files\wamp\www\yii\framework\web\CController.php(287): CController->runAction(Object(CInlineAction))
#7 D:\Program Files\wamp\www\yii\framework\web\CController.php(266): CController->runActionWithFilters(Object(CInlineAction), Array)
#8 D:\Program Files\wamp\www\yii\framework\web\CWebApplication.php(276): CController->run('pages')
#9 D:\Program Files\wamp\www\yii\framework\web\CWebApplication.php(135): CWebApplication->runController('site/pages')
#10 D:\Program Files\wamp\www\yii\framework\base\CApplication.php(162): CWebApplication->processRequest()
#11 D:\Program Files\wamp\www\library\index.php(13): CApplication->run()
#12 {main}
REQUEST_URI=/library/site/pages/
---
2012/04/19 08:56:57 [error] [exception.CException] exception 'CException' with message 'SiteController cannot find the requested view "about".' in D:\Program Files\wamp\www\yii\framework\web\CController.php:879
Stack trace:
#0 D:\Program Files\wamp\www\yii\framework\web\CController.php(783): CController->renderPartial('about', NULL, true)
#1 D:\Program Files\wamp\www\library\protected\controllers\SiteController.php(106): CController->render('about')
#2 [internal function]: SiteController->actionPages('about')
#3 D:\Program Files\wamp\www\yii\framework\web\actions\CAction.php(107): ReflectionMethod->invokeArgs(Object(SiteController), Array)
#4 D:\Program Files\wamp\www\yii\framework\web\actions\CInlineAction.php(48): CAction->runWithParamsInternal(Object(SiteController), Object(ReflectionMethod), Array)
#5 D:\Program Files\wamp\www\yii\framework\web\CController.php(309): CInlineAction->runWithParams(Array)
#6 D:\Program Files\wamp\www\yii\framework\web\CController.php(287): CController->runAction(Object(CInlineAction))
#7 D:\Program Files\wamp\www\yii\framework\web\CController.php(266): CController->runActionWithFilters(Object(CInlineAction), Array)
#8 D:\Program Files\wamp\www\yii\framework\web\CWebApplication.php(276): CController->run('pages')
#9 D:\Program Files\wamp\www\yii\framework\web\CWebApplication.php(135): CWebApplication->runController('site/pages')
#10 D:\Program Files\wamp\www\yii\framework\base\CApplication.php(162): CWebApplication->processRequest()
#11 D:\Program Files\wamp\www\library\index.php(13): CApplication->run()
#12 {main}
REQUEST_URI=/library/site/pages/
---
2012/04/19 08:56:58 [error] [exception.CException] exception 'CException' with message 'SiteController cannot find the requested view "about".' in D:\Program Files\wamp\www\yii\framework\web\CController.php:879
Stack trace:
#0 D:\Program Files\wamp\www\yii\framework\web\CController.php(783): CController->renderPartial('about', NULL, true)
#1 D:\Program Files\wamp\www\library\protected\controllers\SiteController.php(106): CController->render('about')
#2 [internal function]: SiteController->actionPages('about')
#3 D:\Program Files\wamp\www\yii\framework\web\actions\CAction.php(107): ReflectionMethod->invokeArgs(Object(SiteController), Array)
#4 D:\Program Files\wamp\www\yii\framework\web\actions\CInlineAction.php(48): CAction->runWithParamsInternal(Object(SiteController), Object(ReflectionMethod), Array)
#5 D:\Program Files\wamp\www\yii\framework\web\CController.php(309): CInlineAction->runWithParams(Array)
#6 D:\Program Files\wamp\www\yii\framework\web\CController.php(287): CController->runAction(Object(CInlineAction))
#7 D:\Program Files\wamp\www\yii\framework\web\CController.php(266): CController->runActionWithFilters(Object(CInlineAction), Array)
#8 D:\Program Files\wamp\www\yii\framework\web\CWebApplication.php(276): CController->run('pages')
#9 D:\Program Files\wamp\www\yii\framework\web\CWebApplication.php(135): CWebApplication->runController('site/pages')
#10 D:\Program Files\wamp\www\yii\framework\base\CApplication.php(162): CWebApplication->processRequest()
#11 D:\Program Files\wamp\www\library\index.php(13): CApplication->run()
#12 {main}
REQUEST_URI=/library/site/pages/
---
2012/04/19 08:56:59 [error] [exception.CException] exception 'CException' with message 'SiteController cannot find the requested view "about".' in D:\Program Files\wamp\www\yii\framework\web\CController.php:879
Stack trace:
#0 D:\Program Files\wamp\www\yii\framework\web\CController.php(783): CController->renderPartial('about', NULL, true)
#1 D:\Program Files\wamp\www\library\protected\controllers\SiteController.php(106): CController->render('about')
#2 [internal function]: SiteController->actionPages('about')
#3 D:\Program Files\wamp\www\yii\framework\web\actions\CAction.php(107): ReflectionMethod->invokeArgs(Object(SiteController), Array)
#4 D:\Program Files\wamp\www\yii\framework\web\actions\CInlineAction.php(48): CAction->runWithParamsInternal(Object(SiteController), Object(ReflectionMethod), Array)
#5 D:\Program Files\wamp\www\yii\framework\web\CController.php(309): CInlineAction->runWithParams(Array)
#6 D:\Program Files\wamp\www\yii\framework\web\CController.php(287): CController->runAction(Object(CInlineAction))
#7 D:\Program Files\wamp\www\yii\framework\web\CController.php(266): CController->runActionWithFilters(Object(CInlineAction), Array)
#8 D:\Program Files\wamp\www\yii\framework\web\CWebApplication.php(276): CController->run('pages')
#9 D:\Program Files\wamp\www\yii\framework\web\CWebApplication.php(135): CWebApplication->runController('site/pages')
#10 D:\Program Files\wamp\www\yii\framework\base\CApplication.php(162): CWebApplication->processRequest()
#11 D:\Program Files\wamp\www\library\index.php(13): CApplication->run()
#12 {main}
REQUEST_URI=/library/site/pages/
---
2012/04/19 09:04:30 [error] [exception.CHttpException.404] exception 'CHttpException' with message 'The requested view "index" was not found.' in D:\Program Files\wamp\www\yii\framework\web\actions\CViewAction.php:113
Stack trace:
#0 D:\Program Files\wamp\www\yii\framework\web\actions\CViewAction.php(124): CViewAction->resolveView('index')
#1 D:\Program Files\wamp\www\yii\framework\web\actions\CAction.php(75): CViewAction->run()
#2 D:\Program Files\wamp\www\yii\framework\web\CController.php(309): CAction->runWithParams(Array)
#3 D:\Program Files\wamp\www\yii\framework\web\CController.php(287): CController->runAction(Object(CViewAction))
#4 D:\Program Files\wamp\www\yii\framework\web\CController.php(266): CController->runActionWithFilters(Object(CViewAction), Array)
#5 D:\Program Files\wamp\www\yii\framework\web\CWebApplication.php(276): CController->run('page')
#6 D:\Program Files\wamp\www\yii\framework\web\CWebApplication.php(135): CWebApplication->runController('site/page')
#7 D:\Program Files\wamp\www\yii\framework\base\CApplication.php(162): CWebApplication->processRequest()
#8 D:\Program Files\wamp\www\library\index.php(13): CApplication->run()
#9 {main}
REQUEST_URI=/library/site/page
HTTP_REFERER=http://localhost/library/
---
2012/04/20 01:31:42 [error] [exception.CDbException] exception 'CDbException' with message 'Table "tbl_user" does not have a column named "username".' in D:\Program Files\wamp\www\yii\framework\db\schema\CDbCommandBuilder.php:570
Stack trace:
#0 D:\Program Files\wamp\www\yii\framework\db\ar\CActiveRecord.php(1454): CDbCommandBuilder->createColumnCriteria(Object(CMysqlTableSchema), Array, '', Array, '`t`.')
#1 D:\Program Files\wamp\www\library\protected\components\UserIdentity.php(21): CActiveRecord->findByAttributes(Array)
#2 D:\Program Files\wamp\www\library\protected\models\LoginForm.php(52): UserIdentity->authenticate()
#3 D:\Program Files\wamp\www\yii\framework\validators\CInlineValidator.php(43): LoginForm->authenticate('password', Array)
#4 D:\Program Files\wamp\www\yii\framework\validators\CValidator.php(197): CInlineValidator->validateAttribute(Object(LoginForm), 'password')
#5 D:\Program Files\wamp\www\yii\framework\base\CModel.php(158): CValidator->validate(Object(LoginForm), NULL)
#6 D:\Program Files\wamp\www\library\protected\controllers\SiteController.php(88): CModel->validate()
#7 D:\Program Files\wamp\www\yii\framework\web\actions\CInlineAction.php(50): SiteController->actionLogin()
#8 D:\Program Files\wamp\www\yii\framework\web\CController.php(309): CInlineAction->runWithParams(Array)
#9 D:\Program Files\wamp\www\yii\framework\web\CController.php(287): CController->runAction(Object(CInlineAction))
#10 D:\Program Files\wamp\www\yii\framework\web\CController.php(266): CController->runActionWithFilters(Object(CInlineAction), Array)
#11 D:\Program Files\wamp\www\yii\framework\web\CWebApplication.php(276): CController->run('login')
#12 D:\Program Files\wamp\www\yii\framework\web\CWebApplication.php(135): CWebApplication->runController('site/login')
#13 D:\Program Files\wamp\www\yii\framework\base\CApplication.php(162): CWebApplication->processRequest()
#14 D:\Program Files\wamp\www\library\index.php(13): CApplication->run()
#15 {main}
REQUEST_URI=/library/site/login
HTTP_REFERER=http://localhost/library/site/login
---
2012/04/24 04:03:41 [error] [system.db.CDbCommand] CDbCommand::fetchAll() failed: SQLSTATE[42S02]: Base table or view not found: 1146 Table 'library.user' doesn't exist. The SQL statement executed was: SHOW COLUMNS FROM `user`.
in D:\Program Files\wamp\www\library\index.php (13)
2012/04/24 04:03:50 [error] [system.db.CDbCommand] CDbCommand::fetchAll() failed: SQLSTATE[42S02]: Base table or view not found: 1146 Table 'library.user' doesn't exist. The SQL statement executed was: SHOW COLUMNS FROM `user`.
in D:\Program Files\wamp\www\library\index.php (13)
2012/04/24 04:03:52 [error] [system.db.CDbCommand] CDbCommand::fetchAll() failed: SQLSTATE[42S02]: Base table or view not found: 1146 Table 'library.user' doesn't exist. The SQL statement executed was: SHOW COLUMNS FROM `user`.
in D:\Program Files\wamp\www\library\index.php (13)
2012/04/24 04:03:55 [error] [system.db.CDbCommand] CDbCommand::fetchAll() failed: SQLSTATE[42S02]: Base table or view not found: 1146 Table 'library.user' doesn't exist. The SQL statement executed was: SHOW COLUMNS FROM `user`.
in D:\Program Files\wamp\www\library\index.php (13)
2012/04/24 04:04:23 [error] [system.db.CDbCommand] CDbCommand::fetchAll() failed: SQLSTATE[42S02]: Base table or view not found: 1146 Table 'library.user' doesn't exist. The SQL statement executed was: SHOW COLUMNS FROM `user`.
in D:\Program Files\wamp\www\library\index.php (13)
